
HOME-14E4655A19	Fri Apr 26 07:13:31 2013
	ib_util init failed, UDFs can't be used - looks like firebird misconfigured
	
	C:\workspace\gmapp\trunk\bin/ib_util.dll library has not been found
	C:\workspace\gmapp\trunk\ib_util.dll library has not been found
	ib_util.dll library has not been found


HOME-14E4655A19	Fri Apr 26 07:13:33 2013
	ib_util init failed, UDFs can't be used - looks like firebird misconfigured
	
	C:\workspace\gmapp\trunk\bin/ib_util.dll library has not been found
	C:\workspace\gmapp\trunk\ib_util.dll library has not been found
	ib_util.dll library has not been found


HOME-14E4655A19	Sat Apr 27 06:33:29 2013
	ib_util init failed, UDFs can't be used - looks like firebird misconfigured
	
	C:\workspace\gmapp\trunk\bin/ib_util.dll library has not been found
	C:\workspace\gmapp\trunk\ib_util.dll library has not been found
	ib_util.dll library has not been found


HOME-14E4655A19	Sat Apr 27 06:36:16 2013
	ib_util init failed, UDFs can't be used - looks like firebird misconfigured
	
	C:\workspace\gmapp\trunk\bin/ib_util.dll library has not been found
	C:\workspace\gmapp\trunk\ib_util.dll library has not been found
	ib_util.dll library has not been found


HOME-14E4655A19	Sat Apr 27 06:36:28 2013
	ib_util init failed, UDFs can't be used - looks like firebird misconfigured
	
	C:\workspace\gmapp\trunk\bin/ib_util.dll library has not been found
	C:\workspace\gmapp\trunk\ib_util.dll library has not been found
	ib_util.dll library has not been found


HOME-14E4655A19	Sat Apr 27 06:36:53 2013
	ib_util init failed, UDFs can't be used - looks like firebird misconfigured
	
	C:\workspace\gmapp\trunk\bin/ib_util.dll library has not been found
	C:\workspace\gmapp\trunk\ib_util.dll library has not been found
	ib_util.dll library has not been found


HOME-14E4655A19	Sat Apr 27 06:37:18 2013
	ib_util init failed, UDFs can't be used - looks like firebird misconfigured
	
	C:\workspace\gmapp\trunk\bin/ib_util.dll library has not been found
	C:\workspace\gmapp\trunk\ib_util.dll library has not been found
	ib_util.dll library has not been found


HOME-14E4655A19	Sat Apr 27 06:39:55 2013
	ib_util init failed, UDFs can't be used - looks like firebird misconfigured
	
	C:\workspace\gmapp\trunk\bin/ib_util.dll library has not been found
	C:\workspace\gmapp\trunk\ib_util.dll library has not been found
	ib_util.dll library has not been found


HOME-14E4655A19	Sat Apr 27 06:41:11 2013
	ib_util init failed, UDFs can't be used - looks like firebird misconfigured
	
	C:\workspace\gmapp\trunk\bin/ib_util.dll library has not been found
	C:\workspace\gmapp\trunk\ib_util.dll library has not been found
	ib_util.dll library has not been found


HOME-14E4655A19	Sat Apr 27 06:41:40 2013
	ib_util init failed, UDFs can't be used - looks like firebird misconfigured
	
	C:\workspace\gmapp\trunk\bin/ib_util.dll library has not been found
	C:\workspace\gmapp\trunk\ib_util.dll library has not been found
	ib_util.dll library has not been found


HOME-14E4655A19	Sat Apr 27 06:41:47 2013
	ib_util init failed, UDFs can't be used - looks like firebird misconfigured
	
	C:\workspace\gmapp\trunk\bin/ib_util.dll library has not been found
	C:\workspace\gmapp\trunk\ib_util.dll library has not been found
	ib_util.dll library has not been found


HOME-14E4655A19	Sat Apr 27 06:41:57 2013
	ib_util init failed, UDFs can't be used - looks like firebird misconfigured
	
	C:\workspace\gmapp\trunk\bin/ib_util.dll library has not been found
	C:\workspace\gmapp\trunk\ib_util.dll library has not been found
	ib_util.dll library has not been found


HOME-14E4655A19	Sat Apr 27 06:42:18 2013
	ib_util init failed, UDFs can't be used - looks like firebird misconfigured
	
	C:\workspace\gmapp\trunk\bin/ib_util.dll library has not been found
	C:\workspace\gmapp\trunk\ib_util.dll library has not been found
	ib_util.dll library has not been found


HOME-14E4655A19	Sat Apr 27 06:43:44 2013
	ib_util init failed, UDFs can't be used - looks like firebird misconfigured
	
	C:\workspace\gmapp\trunk\bin/ib_util.dll library has not been found
	C:\workspace\gmapp\trunk\ib_util.dll library has not been found
	ib_util.dll library has not been found


HOME-14E4655A19	Sat Apr 27 06:43:56 2013
	ib_util init failed, UDFs can't be used - looks like firebird misconfigured
	
	C:\workspace\gmapp\trunk\bin/ib_util.dll library has not been found
	C:\workspace\gmapp\trunk\ib_util.dll library has not been found
	ib_util.dll library has not been found


HOME-14E4655A19	Sat Apr 27 06:44:13 2013
	ib_util init failed, UDFs can't be used - looks like firebird misconfigured
	
	C:\workspace\gmapp\trunk\bin/ib_util.dll library has not been found
	C:\workspace\gmapp\trunk\ib_util.dll library has not been found
	ib_util.dll library has not been found


HOME-14E4655A19	Sat Apr 27 06:44:33 2013
	ib_util init failed, UDFs can't be used - looks like firebird misconfigured
	
	C:\workspace\gmapp\trunk\bin/ib_util.dll library has not been found
	C:\workspace\gmapp\trunk\ib_util.dll library has not been found
	ib_util.dll library has not been found

